<?xml version="1.0" encoding="UTF-8"?>
<!-- Generated by org.testng.reporters.JUnitReportReporter -->
<testsuite skipped="0" hostname="ip-172-31-70-155" name="test.Logtest" tests="3" failures="0" timestamp="2021-07-05T06:33:37 UTC" time="0.671" errors="0">
  <testcase name="Login2" time="0.376" classname="test.Logtest"/>
  <system-out/>
  <testcase name="addtocart" time="0.148" classname="test.Logtest"/>
  <system-out/>
  <testcase name="cart" time="0.147" classname="test.Logtest"/>
  <system-out/>
</testsuite> <!-- test.Logtest -->
