<?xml version="1.0" encoding="UTF-8"?>
<!-- Generated by org.testng.reporters.JUnitReportReporter -->
<testsuite skipped="0" hostname="ip-172-31-70-155" name="test.Logtest" tests="1" failures="0" timestamp="2021-06-29T07:02:02 UTC" time="2.735" errors="0">
  <testcase name="Login2" time="2.735" classname="test.Logtest"/>
  <system-out/>
</testsuite> <!-- test.Logtest -->
